<?xml version="1.0" encoding="UTF-8"?>
<!-- Generated by org.testng.reporters.JUnitReportReporter -->
<testsuite hostname="Mahesh-PC" failures="0" tests="10" name="com.sgtesting.actitime.scenarios.Assaignment5" time="57.568" errors="0" timestamp="2021-11-16T17:03:11 IST" skipped="0">
  <testcase classname="com.sgtesting.actitime.scenarios.Assaignment5" name="launchBrowser" time="2.096"/>
  <system-out/>
  <testcase classname="com.sgtesting.actitime.scenarios.Assaignment5" name="navigate" time="2.444"/>
  <system-out/>
  <testcase classname="com.sgtesting.actitime.scenarios.Assaignment5" name="login" time="5.293"/>
  <system-out/>
  <testcase classname="com.sgtesting.actitime.scenarios.Assaignment5" name="minimizeFlyOutWindow" time="2.139"/>
  <system-out/>
  <testcase classname="com.sgtesting.actitime.scenarios.Assaignment5" name="createCustomer" time="13.107"/>
  <system-out/>
  <testcase classname="com.sgtesting.actitime.scenarios.Assaignment5" name="createProject" time="10.615"/>
  <system-out/>
  <testcase classname="com.sgtesting.actitime.scenarios.Assaignment5" name="deleteProject" time="8.596"/>
  <system-out/>
  <testcase classname="com.sgtesting.actitime.scenarios.Assaignment5" name="deleteCustomer" time="10.594"/>
  <system-out/>
  <testcase classname="com.sgtesting.actitime.scenarios.Assaignment5" name="logout" time="2.371"/>
  <system-out/>
  <testcase classname="com.sgtesting.actitime.scenarios.Assaignment5" name="closeApplication" time="0.313"/>
  <system-out/>
</testsuite> <!-- com.sgtesting.actitime.scenarios.Assaignment5 -->
