<?xml version="1.0" encoding="UTF-8"?>
<!-- Generated by org.testng.reporters.JUnitReportReporter -->
<testsuite hostname="Mahesh-PC" failures="0" tests="8" name="com.sgtesting.actitime.scenarios.Assaignment3" time="38.265" errors="0" timestamp="2021-11-16T17:03:11 IST" skipped="0">
  <testcase classname="com.sgtesting.actitime.scenarios.Assaignment3" name="launchBrowser" time="1.978"/>
  <system-out/>
  <testcase classname="com.sgtesting.actitime.scenarios.Assaignment3" name="navigate" time="2.281"/>
  <system-out/>
  <testcase classname="com.sgtesting.actitime.scenarios.Assaignment3" name="login" time="5.315"/>
  <system-out/>
  <testcase classname="com.sgtesting.actitime.scenarios.Assaignment3" name="minimizeFlyOutWindow" time="2.093"/>
  <system-out/>
  <testcase classname="com.sgtesting.actitime.scenarios.Assaignment3" name="createCustomer" time="13.404"/>
  <system-out/>
  <testcase classname="com.sgtesting.actitime.scenarios.Assaignment3" name="deleteCustomer" time="10.536"/>
  <system-out/>
  <testcase classname="com.sgtesting.actitime.scenarios.Assaignment3" name="logout" time="2.343"/>
  <system-out/>
  <testcase classname="com.sgtesting.actitime.scenarios.Assaignment3" name="closeApplication" time="0.315"/>
  <system-out/>
</testsuite> <!-- com.sgtesting.actitime.scenarios.Assaignment3 -->
