<?xml version="1.0" encoding="UTF-8"?>
<!-- Generated by org.testng.reporters.JUnitReportReporter -->
<testsuite hostname="Mahesh-PC" failures="0" tests="8" name="com.sgtesting.actitime.scenarios.Assaignment1" time="46.086" errors="0" timestamp="2021-11-16T17:03:11 IST" skipped="0">
  <testcase classname="com.sgtesting.actitime.scenarios.Assaignment1" name="launchBrowser" time="3.439"/>
  <system-out/>
  <testcase classname="com.sgtesting.actitime.scenarios.Assaignment1" name="navigate" time="3.108"/>
  <system-out/>
  <testcase classname="com.sgtesting.actitime.scenarios.Assaignment1" name="login" time="5.348"/>
  <system-out/>
  <testcase classname="com.sgtesting.actitime.scenarios.Assaignment1" name="minimizeFlyOutWindow" time="2.123"/>
  <system-out/>
  <testcase classname="com.sgtesting.actitime.scenarios.Assaignment1" name="createUser" time="21.611"/>
  <system-out/>
  <testcase classname="com.sgtesting.actitime.scenarios.Assaignment1" name="deleteUser" time="7.342"/>
  <system-out/>
  <testcase classname="com.sgtesting.actitime.scenarios.Assaignment1" name="logout" time="2.379"/>
  <system-out/>
  <testcase classname="com.sgtesting.actitime.scenarios.Assaignment1" name="closeApplication" time="0.736"/>
  <system-out/>
</testsuite> <!-- com.sgtesting.actitime.scenarios.Assaignment1 -->
