<?xml version="1.0" encoding="UTF-8"?>
<!-- Generated by org.testng.reporters.JUnitReportReporter -->
<testsuite hostname="Mahesh-PC" failures="0" tests="9" name="com.sgtesting.actitime.scenarios.Assaignment4" time="51.124" errors="0" timestamp="2021-11-16T17:03:11 IST" skipped="0">
  <testcase classname="com.sgtesting.actitime.scenarios.Assaignment4" name="launchBrowser" time="2.014"/>
  <system-out/>
  <testcase classname="com.sgtesting.actitime.scenarios.Assaignment4" name="navigate" time="2.358"/>
  <system-out/>
  <testcase classname="com.sgtesting.actitime.scenarios.Assaignment4" name="login" time="5.294"/>
  <system-out/>
  <testcase classname="com.sgtesting.actitime.scenarios.Assaignment4" name="minimizeFlyOutWindow" time="2.152"/>
  <system-out/>
  <testcase classname="com.sgtesting.actitime.scenarios.Assaignment4" name="createCustomer" time="13.206"/>
  <system-out/>
  <testcase classname="com.sgtesting.actitime.scenarios.Assaignment4" name="modifyCustomer" time="12.627"/>
  <system-out/>
  <testcase classname="com.sgtesting.actitime.scenarios.Assaignment4" name="deleteCustomer" time="10.569"/>
  <system-out/>
  <testcase classname="com.sgtesting.actitime.scenarios.Assaignment4" name="logout" time="2.366"/>
  <system-out/>
  <testcase classname="com.sgtesting.actitime.scenarios.Assaignment4" name="closeApplication" time="0.538"/>
  <system-out/>
</testsuite> <!-- com.sgtesting.actitime.scenarios.Assaignment4 -->
