<?xml version="1.0" encoding="UTF-8"?>
<!-- Generated by org.testng.reporters.JUnitReportReporter -->
<testsuite hostname="Mahesh-PC" failures="0" tests="11" name="com.sgtesting.actitime.scenarios.Assaignment6" time="67.613" errors="0" timestamp="2021-11-16T17:03:11 IST" skipped="0">
  <testcase classname="com.sgtesting.actitime.scenarios.Assaignment6" name="launchBrowser" time="1.227"/>
  <system-out/>
  <testcase classname="com.sgtesting.actitime.scenarios.Assaignment6" name="navigate" time="2.091"/>
  <system-out/>
  <testcase classname="com.sgtesting.actitime.scenarios.Assaignment6" name="login" time="5.313"/>
  <system-out/>
  <testcase classname="com.sgtesting.actitime.scenarios.Assaignment6" name="minimizeFlyOutWindow" time="2.082"/>
  <system-out/>
  <testcase classname="com.sgtesting.actitime.scenarios.Assaignment6" name="createCustomer" time="13.393"/>
  <system-out/>
  <testcase classname="com.sgtesting.actitime.scenarios.Assaignment6" name="createProject" time="10.713"/>
  <system-out/>
  <testcase classname="com.sgtesting.actitime.scenarios.Assaignment6" name="modifyProject" time="12.951"/>
  <system-out/>
  <testcase classname="com.sgtesting.actitime.scenarios.Assaignment6" name="deleteProject" time="6.417"/>
  <system-out/>
  <testcase classname="com.sgtesting.actitime.scenarios.Assaignment6" name="deleteCustomer" time="10.623"/>
  <system-out/>
  <testcase classname="com.sgtesting.actitime.scenarios.Assaignment6" name="logout" time="2.474"/>
  <system-out/>
  <testcase classname="com.sgtesting.actitime.scenarios.Assaignment6" name="closeApplication" time="0.329"/>
  <system-out/>
</testsuite> <!-- com.sgtesting.actitime.scenarios.Assaignment6 -->
