<?xml version="1.0" encoding="UTF-8"?>
<!-- Generated by org.testng.reporters.JUnitReportReporter -->
<testsuite hostname="Mahesh-PC" failures="0" tests="12" name="com.sgtesting.actitime.scenarios.Assaignment7" time="77.871" errors="0" timestamp="2021-11-16T17:03:11 IST" skipped="0">
  <testcase classname="com.sgtesting.actitime.scenarios.Assaignment7" name="launchBrowser" time="1.256"/>
  <system-out/>
  <testcase classname="com.sgtesting.actitime.scenarios.Assaignment7" name="navigate" time="2.507"/>
  <system-out/>
  <testcase classname="com.sgtesting.actitime.scenarios.Assaignment7" name="login" time="5.299"/>
  <system-out/>
  <testcase classname="com.sgtesting.actitime.scenarios.Assaignment7" name="minimizeFlyOutWindow" time="2.084"/>
  <system-out/>
  <testcase classname="com.sgtesting.actitime.scenarios.Assaignment7" name="createCustomer" time="13.275"/>
  <system-out/>
  <testcase classname="com.sgtesting.actitime.scenarios.Assaignment7" name="createProject" time="10.622"/>
  <system-out/>
  <testcase classname="com.sgtesting.actitime.scenarios.Assaignment7" name="createTasks" time="10.638"/>
  <system-out/>
  <testcase classname="com.sgtesting.actitime.scenarios.Assaignment7" name="deleteTasks" time="10.541"/>
  <system-out/>
  <testcase classname="com.sgtesting.actitime.scenarios.Assaignment7" name="deleteProject" time="8.484"/>
  <system-out/>
  <testcase classname="com.sgtesting.actitime.scenarios.Assaignment7" name="deleteCustomer" time="10.483"/>
  <system-out/>
  <testcase classname="com.sgtesting.actitime.scenarios.Assaignment7" name="logout" time="2.382"/>
  <system-out/>
  <testcase classname="com.sgtesting.actitime.scenarios.Assaignment7" name="closeApplication" time="0.300"/>
  <system-out/>
</testsuite> <!-- com.sgtesting.actitime.scenarios.Assaignment7 -->
