<?xml version="1.0" encoding="UTF-8"?>
<!-- Generated by org.testng.reporters.JUnitReportReporter -->
<testsuite hostname="Mahesh-PC" failures="0" tests="9" name="com.sgtesting.actitime.scenarios.Assaignment2" time="52.208" errors="0" timestamp="2021-11-16T17:03:11 IST" skipped="0">
  <testcase classname="com.sgtesting.actitime.scenarios.Assaignment2" name="launchBrowser" time="1.996"/>
  <system-out/>
  <testcase classname="com.sgtesting.actitime.scenarios.Assaignment2" name="navigate" time="2.023"/>
  <system-out/>
  <testcase classname="com.sgtesting.actitime.scenarios.Assaignment2" name="login" time="5.304"/>
  <system-out/>
  <testcase classname="com.sgtesting.actitime.scenarios.Assaignment2" name="minimizeFlyOutWindow" time="2.195"/>
  <system-out/>
  <testcase classname="com.sgtesting.actitime.scenarios.Assaignment2" name="createUser" time="21.838"/>
  <system-out/>
  <testcase classname="com.sgtesting.actitime.scenarios.Assaignment2" name="modifyUser" time="8.657"/>
  <system-out/>
  <testcase classname="com.sgtesting.actitime.scenarios.Assaignment2" name="logout" time="2.400"/>
  <system-out/>
  <testcase classname="com.sgtesting.actitime.scenarios.Assaignment2" name="deleteUser" time="7.296"/>
  <system-out/>
  <testcase classname="com.sgtesting.actitime.scenarios.Assaignment2" name="closeApplication" time="0.499"/>
  <system-out/>
</testsuite> <!-- com.sgtesting.actitime.scenarios.Assaignment2 -->
