<?xml version="1.0" encoding="UTF-8"?>
<!-- Generated by org.testng.reporters.JUnitReportReporter -->
<testsuite hostname="Mahesh-PC" failures="0" tests="2" name="com.sgtesting.tests.AnnotationSummary" time="0.016" errors="0" timestamp="2021-11-15T15:31:26 IST" skipped="0">
  <testcase classname="com.sgtesting.tests.AnnotationSummary" name="test1_Annotations" time="0.012"/>
  <system-out/>
  <testcase classname="com.sgtesting.tests.AnnotationSummary" name="test2_Annotations" time="0.004"/>
  <system-out/>
</testsuite> <!-- com.sgtesting.tests.AnnotationSummary -->
