<?xml version="1.0" encoding="UTF-8"?>
<!-- Generated by org.testng.reporters.JUnitReportReporter -->
<testsuite hostname="Mahesh-PC" failures="0" tests="3" name="com.sgtesting.tests.products.Products" time="0.008" errors="0" timestamp="2021-11-28T19:58:10 IST" skipped="0">
  <testcase classname="com.sgtesting.tests.products.Products" name="modifyProduct" time="0.002"/>
  <system-out/>
  <testcase classname="com.sgtesting.tests.products.Products" name="createProduct" time="0.002"/>
  <system-out/>
  <testcase classname="com.sgtesting.tests.products.Products" name="deleteProduct" time="0.004"/>
  <system-out/>
</testsuite> <!-- com.sgtesting.tests.products.Products -->
