<?xml version="1.0" encoding="UTF-8"?>
<!-- Generated by org.testng.reporters.JUnitReportReporter -->
<testsuite hostname="Mahesh-PC" failures="0" tests="1" name="com.sgtesting.tests.users.Users" time="0.011" errors="0" timestamp="2021-12-07T22:39:40 IST" skipped="0">
  <testcase classname="com.sgtesting.tests.users.Users" name="createUser" time="0.011"/>
  <system-out/>
</testsuite> <!-- com.sgtesting.tests.users.Users -->
